<?xml version="1.0" encoding="UTF-8"?>
<!-- Generated by org.testng.reporters.JUnitReportReporter -->
<testsuite hostname="DESKTOP-3CLNGKD" failures="0" tests="4" name="com.provider.Google.Nice" time="0.023" errors="0" timestamp="09 Jan 2023 12:54:04 GMT" skipped="0">
  <testcase classname="com.provider.Google.Nice" name="Good" time="0.003"/>
  <testcase classname="com.provider.Google.Nice" name="Good" time="0.004"/>
  <testcase classname="com.provider.Google.Nice" name="Good" time="0.003"/>
  <testcase classname="com.provider.Google.Nice" name="Good" time="0.013"/>
</testsuite> <!-- com.provider.Google.Nice -->
