<?xml version="1.0" encoding="UTF-8"?>
<!-- Generated by org.testng.reporters.JUnitReportReporter -->
<testsuite hostname="DESKTOP-3CLNGKD" failures="0" tests="1" name="com.provider.Google.AppTest" time="0.009" errors="0" timestamp="10 Jan 2023 08:05:30 GMT" skipped="0">
  <testcase classname="com.provider.Google.AppTest" name="shouldAnswerWithTrue" time="0.009"/>
</testsuite> <!-- com.provider.Google.AppTest -->
